<component name="libraryTable">
  <library name="junit-4.101">
    <CLASSES>
      <root url="jar://$PROJECT_DIR$/junit-4.10.jar!/" />
      <root url="jar://$PROJECT_DIR$/java-json.jar!/" />
    </CLASSES>
    <JAVADOC />
    <SOURCES>
      <root url="jar://$PROJECT_DIR$/java-json.jar!/" />
    </SOURCES>
  </library>
</component>